<?xml version="1.0" encoding="UTF-8"?>
<testsuite xmlns:xsi="http://www.w3.org/2001/XMLSchema-instance" xsi:noNamespaceSchemaLocation="https://maven.apache.org/surefire/maven-surefire-plugin/xsd/surefire-test-report.xsd" version="3.0.2" name="com.chaau568.flashcards.tests.FlashcardManagementTests" time="16.888" tests="2" errors="1" skipped="0" failures="0">
  <properties>
[...]
</properties>
  <testcase name="testInventoryPage_LoadsCorrectly" classname="com.chaau568.flashcards.tests.FlashcardManagementTests" time="11.302">
    <system-out><![CDATA[2025-10-03T14:47:36.779+07:00  INFO 4044 --- [flashcards] [           main] i.g.bonigarcia.wdm.WebDriverManager      : Using chromedriver 140.0.7339.207 (resolved driver for Chrome 140)
2025-10-03T14:47:36.787+07:00  INFO 4044 --- [flashcards] [           main] i.g.bonigarcia.wdm.WebDriverManager      : Exporting webdriver.chrome.driver as C:\Users\chaiy\.cache\selenium\chromedriver\win64\140.0.7339.207\chromedriver.exe
2025-10-03T14:47:37.543+07:00  WARN 4044 --- [flashcards] [           main] o.o.selenium.devtools.CdpVersionFinder   : Unable to find CDP implementation matching 140
2025-10-03T14:47:37.543+07:00  WARN 4044 --- [flashcards] [           main] o.o.selenium.chromium.ChromiumDriver     : Unable to find version of CDP to use for 140.0.7339.208. You may need to include a dependency on a specific version of the CDP using something similar to `org.seleniumhq.selenium:selenium-devtools-v86:4.31.0` where the version ("v86") matches the version of the chromium-based browser you're using and the version number of the artifact is the same as Selenium's.
]]></system-out>
  </testcase>
  <testcase name="testHomePage_LoadsCorrectly" classname="com.chaau568.flashcards.tests.FlashcardManagementTests" time="4.452">
    <error message="unexpected alert open: {Alert text : Failed to fetch decks:TypeError: Failed to fetch}&#10;  (Session info: chrome=140.0.7339.208): Failed to fetch decks:TypeError: Failed to fetch&#10;Build info: version: &apos;4.31.0&apos;, revision: &apos;1ef9f18787*&apos;&#10;System info: os.name: &apos;Windows 11&apos;, os.arch: &apos;amd64&apos;, os.version: &apos;10.0&apos;, java.version: &apos;24.0.2&apos;&#10;Driver info: org.openqa.selenium.chrome.ChromeDriver&#10;Command: [c608f0e9dacae76f4610df2dc0a5c57a, get {url=http://localhost:5173/}]&#10;Capabilities {acceptInsecureCerts: false, browserName: chrome, browserVersion: 140.0.7339.208, chrome: {chromedriverVersion: 140.0.7339.207 (17230b545fd..., userDataDir: C:\Users\chaiy\AppData\Loca...}, fedcm:accounts: true, goog:chromeOptions: {debuggerAddress: localhost:60847}, networkConnectionEnabled: false, pageLoadStrategy: normal, platformName: windows, proxy: Proxy(), se:cdp: ws://localhost:60847/devtoo..., se:cdpVersion: 140.0.7339.208, setWindowRect: true, strictFileInteractability: false, timeouts: {implicit: 0, pageLoad: 300000, script: 30000}, unhandledPromptBehavior: dismiss and notify, webauthn:extension:credBlob: true, webauthn:extension:largeBlob: true, webauthn:extension:minPinLength: true, webauthn:extension:prf: true, webauthn:virtualAuthenticators: true}&#10;Session ID: c608f0e9dacae76f4610df2dc0a5c57a" type="org.openqa.selenium.UnhandledAlertException"><![CDATA[org.openqa.selenium.UnhandledAlertException: 
unexpected alert open: {Alert text : Failed to fetch decks:TypeError: Failed to fetch}
  (Session info: chrome=140.0.7339.208): Failed to fetch decks:TypeError: Failed to fetch
Build info: version: '4.31.0', revision: '1ef9f18787*'
System info: os.name: 'Windows 11', os.arch: 'amd64', os.version: '10.0', java.version: '24.0.2'
Driver info: org.openqa.selenium.chrome.ChromeDriver
Command: [c608f0e9dacae76f4610df2dc0a5c57a, get {url=http://localhost:5173/}]
Capabilities {acceptInsecureCerts: false, browserName: chrome, browserVersion: 140.0.7339.208, chrome: {chromedriverVersion: 140.0.7339.207 (17230b545fd..., userDataDir: C:\Users\chaiy\AppData\Loca...}, fedcm:accounts: true, goog:chromeOptions: {debuggerAddress: localhost:60847}, networkConnectionEnabled: false, pageLoadStrategy: normal, platformName: windows, proxy: Proxy(), se:cdp: ws://localhost:60847/devtoo..., se:cdpVersion: 140.0.7339.208, setWindowRect: true, strictFileInteractability: false, timeouts: {implicit: 0, pageLoad: 300000, script: 30000}, unhandledPromptBehavior: dismiss and notify, webauthn:extension:credBlob: true, webauthn:extension:largeBlob: true, webauthn:extension:minPinLength: true, webauthn:extension:prf: true, webauthn:virtualAuthenticators: true}
Session ID: c608f0e9dacae76f4610df2dc0a5c57a
	at org.openqa.selenium.remote.codec.w3c.W3CHttpResponseCodec.decode(W3CHttpResponseCodec.java:136)
	at org.openqa.selenium.remote.codec.w3c.W3CHttpResponseCodec.decode(W3CHttpResponseCodec.java:50)
	at org.openqa.selenium.remote.HttpCommandExecutor.execute(HttpCommandExecutor.java:215)
	at org.openqa.selenium.remote.service.DriverCommandExecutor.invokeExecute(DriverCommandExecutor.java:216)
	at org.openqa.selenium.remote.service.DriverCommandExecutor.execute(DriverCommandExecutor.java:174)
	at org.openqa.selenium.remote.RemoteWebDriver.execute(RemoteWebDriver.java:545)
	at org.openqa.selenium.remote.RemoteWebDriver.get(RemoteWebDriver.java:313)
	at com.chaau568.flashcards.pages.HomePage.waitForContentLoad(HomePage.java:28)
	at com.chaau568.flashcards.tests.FlashcardManagementTests.testHomePage_LoadsCorrectly(FlashcardManagementTests.java:73)
	at java.base/java.lang.reflect.Method.invoke(Method.java:565)
	at java.base/java.util.ArrayList.forEach(ArrayList.java:1604)
	at java.base/java.util.ArrayList.forEach(ArrayList.java:1604)
]]></error>
  </testcase>
</testsuite>